This file contains any messages produced by compilers while
running configure, to aid debugging if configure makes a mistake.

It was created by test configure 0.1, which was
generated by GNU Autoconf 2.69.  Invocation command line was

  $ ./configure 

## --------- ##
## Platform. ##
## --------- ##

hostname = aoki-mbp14.local
uname -m = x86_64
uname -r = 14.0.0
uname -s = Darwin
uname -v = Darwin Kernel Version 14.0.0: Fri Sep 19 00:26:44 PDT 2014; root:xnu-2782.1.97~2/RELEASE_X86_64

/usr/bin/uname -p = i386
/bin/uname -X     = unknown

/bin/arch              = unknown
/usr/bin/arch -k       = unknown
/usr/convex/getsysinfo = unknown
/usr/bin/hostinfo      = Mach kernel version:
	 Darwin Kernel Version 14.0.0: Fri Sep 19 00:26:44 PDT 2014; root:xnu-2782.1.97~2/RELEASE_X86_64
Kernel configured for up to 4 processors.
2 processors are physically available.
4 processors are logically available.
Processor type: x86_64h (Intel x86-64h Haswell)
Processors active: 0 1 2 3
Primary memory available: 16.00 gigabytes
Default processor set: 315 tasks, 1539 threads, 4 processors
Load average: 2.94, Mach factor: 1.39
/bin/machine           = unknown
/usr/bin/oslevel       = unknown
/bin/universe          = unknown

PATH: /Users/shohei/.local/bin
PATH: /Users/shohei/.cabal/bin
PATH: /Users/shohei/perl5/perlbrew/bin
PATH: /Users/shohei/perl5/perlbrew/perls/perl-5.20.1/bin
PATH: /Users/shohei/gocode//bin
PATH: /Users/shohei/depot_tools
PATH: /Users/shohei/emsdk_portable/emscripten/1.27.0
PATH: /Users/shohei/emsdk_portable
PATH: /Users/shohei/.cabal/bin
PATH: /Applications/ghc-7.8.3.app/Contents/bin
PATH: /Users/shohei/.nodebrew/current/bin
PATH: /Applications/Tex/TeXShop.app/Contents/Resources/TeXShop/bin/tslatexmk
PATH: /System/Library/Java/JavaVirtualMachines/1.6.0.jdk/Contents/Home/bin
PATH: /Users/shohei/.rbenv/bin
PATH: /usr/local/bin
PATH: /usr/local/cuda/bin
PATH: /usr/local/bin/dex2jar
PATH: /Users/shohei/YAGARTO/bin
PATH: /Users/shohei/Documents/Android/sdk/tools
PATH: /Users/shohei/.opam/system/bin
PATH: /usr/local/sbin
PATH: /Users/shohei/pebble-dev/PebbleSDK-2.0-BETA3/bin
PATH: /Users/shohei/.rbenv/shims
PATH: /Users/shohei/.rbenv/bin
PATH: /usr/local/heroku/bin
PATH: /usr/bin
PATH: /bin
PATH: /usr/sbin
PATH: /sbin
PATH: /opt/X11/bin
PATH: /usr/local/CrossPack-AVR/bin
PATH: /usr/texbin
PATH: /Applications/HI-TECH/picc/9.83/bin
PATH: /Users/shohei/sh
PATH: /Users/shohei/Documents/Android/sdk/platform-tools
PATH: /opt/X11/bin
PATH: /usr/local/CrossPack-AVR/bin
PATH: /opt/local/bin
PATH: /Users/shohei/depot_tools
PATH: /Applications/Julia-0.3.4.app/Contents/Resources/julia/bin


## ----------- ##
## Core tests. ##
## ----------- ##

configure:1881: checking for a BSD-compatible install
configure:1949: result: /usr/local/bin/ginstall -c
configure:1960: checking whether build environment is sane
configure:2015: result: yes
configure:2166: checking for a thread-safe mkdir -p
configure:2205: result: /usr/local/bin/gmkdir -p
configure:2212: checking for gawk
configure:2242: result: no
configure:2212: checking for mawk
configure:2242: result: no
configure:2212: checking for nawk
configure:2242: result: no
configure:2212: checking for awk
configure:2228: found /usr/bin/awk
configure:2239: result: awk
configure:2250: checking whether make sets $(MAKE)
configure:2272: result: yes
configure:2301: checking whether make supports nested variables
configure:2318: result: yes
configure:2506: checking for g++
configure:2522: found /usr/bin/g++
configure:2533: result: g++
configure:2560: checking for C++ compiler version
configure:2569: g++ --version >&5
Apple LLVM version 6.0 (clang-600.0.56) (based on LLVM 3.5svn)
Target: x86_64-apple-darwin14.0.0
Thread model: posix
Configured with: --prefix=/Applications/Xcode.app/Contents/Developer/usr --with-gxx-include-dir=/usr/include/c++/4.2.1
configure:2580: $? = 0
configure:2569: g++ -v >&5
Configured with: --prefix=/Applications/Xcode.app/Contents/Developer/usr --with-gxx-include-dir=/usr/include/c++/4.2.1
Apple LLVM version 6.0 (clang-600.0.56) (based on LLVM 3.5svn)
Target: x86_64-apple-darwin14.0.0
Thread model: posix
configure:2580: $? = 0
configure:2569: g++ -V >&5
clang: error: argument to '-V' is missing (expected 1 value)
clang: error: no input files
configure:2580: $? = 1
configure:2569: g++ -qversion >&5
clang: error: unknown argument: '-qversion'
clang: error: no input files
configure:2580: $? = 1
configure:2600: checking whether the C++ compiler works
configure:2622: g++    conftest.cpp  >&5
configure:2626: $? = 0
configure:2674: result: yes
configure:2677: checking for C++ compiler default output file name
configure:2679: result: a.out
configure:2685: checking for suffix of executables
configure:2692: g++ -o conftest    conftest.cpp  >&5
configure:2696: $? = 0
configure:2718: result: 
configure:2740: checking whether we are cross compiling
configure:2748: g++ -o conftest    conftest.cpp  >&5
configure:2752: $? = 0
configure:2759: ./conftest
configure:2763: $? = 0
configure:2778: result: no
configure:2783: checking for suffix of object files
configure:2805: g++ -c   conftest.cpp >&5
configure:2809: $? = 0
configure:2830: result: o
configure:2834: checking whether we are using the GNU C++ compiler
configure:2853: g++ -c   conftest.cpp >&5
configure:2853: $? = 0
configure:2862: result: yes
configure:2871: checking whether g++ accepts -g
configure:2891: g++ -c -g  conftest.cpp >&5
configure:2891: $? = 0
configure:2932: result: yes
configure:2966: checking for style of include used by make
configure:2994: result: GNU
configure:3020: checking dependency style of g++
configure:3131: result: gcc3
configure:3194: checking for gcc
configure:3210: found /usr/bin/gcc
configure:3221: result: gcc
configure:3450: checking for C compiler version
configure:3459: gcc --version >&5
Apple LLVM version 6.0 (clang-600.0.56) (based on LLVM 3.5svn)
Target: x86_64-apple-darwin14.0.0
Thread model: posix
Configured with: --prefix=/Applications/Xcode.app/Contents/Developer/usr --with-gxx-include-dir=/usr/include/c++/4.2.1
configure:3470: $? = 0
configure:3459: gcc -v >&5
Configured with: --prefix=/Applications/Xcode.app/Contents/Developer/usr --with-gxx-include-dir=/usr/include/c++/4.2.1
Apple LLVM version 6.0 (clang-600.0.56) (based on LLVM 3.5svn)
Target: x86_64-apple-darwin14.0.0
Thread model: posix
configure:3470: $? = 0
configure:3459: gcc -V >&5
clang: error: argument to '-V' is missing (expected 1 value)
clang: error: no input files
configure:3470: $? = 1
configure:3459: gcc -qversion >&5
clang: error: unknown argument: '-qversion'
clang: error: no input files
configure:3470: $? = 1
configure:3474: checking whether we are using the GNU C compiler
configure:3493: gcc -c   conftest.c >&5
configure:3493: $? = 0
configure:3502: result: yes
configure:3511: checking whether gcc accepts -g
configure:3531: gcc -c -g  conftest.c >&5
configure:3531: $? = 0
configure:3572: result: yes
configure:3589: checking for gcc option to accept ISO C89
configure:3652: gcc  -c -g -O2  conftest.c >&5
configure:3652: $? = 0
configure:3665: result: none needed
configure:3690: checking whether gcc understands -c and -o together
configure:3712: gcc -c conftest.c -o conftest2.o
configure:3715: $? = 0
configure:3712: gcc -c conftest.c -o conftest2.o
configure:3715: $? = 0
configure:3727: result: yes
configure:3746: checking dependency style of gcc
configure:3857: result: gcc3
configure:3992: checking that generated files are newer than configure
configure:3998: result: done
configure:4025: creating ./config.status

## ---------------------- ##
## Running config.status. ##
## ---------------------- ##

This file was extended by test config.status 0.1, which was
generated by GNU Autoconf 2.69.  Invocation command line was

  CONFIG_FILES    = 
  CONFIG_HEADERS  = 
  CONFIG_LINKS    = 
  CONFIG_COMMANDS = 
  $ ./config.status 

on aoki-mbp14.local

config.status:846: creating Makefile
config.status:846: creating src/Makefile
config.status:846: creating config.h
config.status:1027: config.h is unchanged
config.status:1075: executing depfiles commands

## ---------------- ##
## Cache variables. ##
## ---------------- ##

ac_cv_c_compiler_gnu=yes
ac_cv_cxx_compiler_gnu=yes
ac_cv_env_CCC_set=
ac_cv_env_CCC_value=
ac_cv_env_CC_set=
ac_cv_env_CC_value=
ac_cv_env_CFLAGS_set=
ac_cv_env_CFLAGS_value=
ac_cv_env_CPPFLAGS_set=
ac_cv_env_CPPFLAGS_value=
ac_cv_env_CXXFLAGS_set=
ac_cv_env_CXXFLAGS_value=
ac_cv_env_CXX_set=
ac_cv_env_CXX_value=
ac_cv_env_LDFLAGS_set=
ac_cv_env_LDFLAGS_value=
ac_cv_env_LIBS_set=
ac_cv_env_LIBS_value=
ac_cv_env_build_alias_set=
ac_cv_env_build_alias_value=
ac_cv_env_host_alias_set=
ac_cv_env_host_alias_value=
ac_cv_env_target_alias_set=
ac_cv_env_target_alias_value=
ac_cv_objext=o
ac_cv_path_install='/usr/local/bin/ginstall -c'
ac_cv_path_mkdir=/usr/local/bin/gmkdir
ac_cv_prog_AWK=awk
ac_cv_prog_ac_ct_CC=gcc
ac_cv_prog_ac_ct_CXX=g++
ac_cv_prog_cc_c89=
ac_cv_prog_cc_g=yes
ac_cv_prog_cxx_g=yes
ac_cv_prog_make_make_set=yes
am_cv_CC_dependencies_compiler_type=gcc3
am_cv_CXX_dependencies_compiler_type=gcc3
am_cv_make_support_nested_variables=yes
am_cv_prog_cc_c_o=yes

## ----------------- ##
## Output variables. ##
## ----------------- ##

ACLOCAL='${SHELL} /Users/shohei/Codes/c/AutoConfTest9/missing aclocal-1.14'
AMDEPBACKSLASH='\'
AMDEP_FALSE='#'
AMDEP_TRUE=''
AMTAR='$${TAR-tar}'
AM_BACKSLASH='\'
AM_DEFAULT_V='$(AM_DEFAULT_VERBOSITY)'
AM_DEFAULT_VERBOSITY='1'
AM_V='$(V)'
AUTOCONF='${SHELL} /Users/shohei/Codes/c/AutoConfTest9/missing autoconf'
AUTOHEADER='${SHELL} /Users/shohei/Codes/c/AutoConfTest9/missing autoheader'
AUTOMAKE='${SHELL} /Users/shohei/Codes/c/AutoConfTest9/missing automake-1.14'
AWK='awk'
CC='gcc'
CCDEPMODE='depmode=gcc3'
CFLAGS='-g -O2'
CPPFLAGS=''
CXX='g++'
CXXDEPMODE='depmode=gcc3'
CXXFLAGS='-g -O2'
CYGPATH_W='echo'
DEFS='-DHAVE_CONFIG_H'
DEPDIR='.deps'
ECHO_C='\c'
ECHO_N=''
ECHO_T=''
EXEEXT=''
INSTALL_DATA='${INSTALL} -m 644'
INSTALL_PROGRAM='${INSTALL}'
INSTALL_SCRIPT='${INSTALL}'
INSTALL_STRIP_PROGRAM='$(install_sh) -c -s'
LDFLAGS=''
LIBOBJS=''
LIBS=''
LTLIBOBJS=''
MAKEINFO='${SHELL} /Users/shohei/Codes/c/AutoConfTest9/missing makeinfo'
MKDIR_P='/usr/local/bin/gmkdir -p'
OBJEXT='o'
PACKAGE='test'
PACKAGE_BUGREPORT='BUG-REPORT-ADDRESS'
PACKAGE_NAME='test'
PACKAGE_STRING='test 0.1'
PACKAGE_TARNAME='test'
PACKAGE_URL=''
PACKAGE_VERSION='0.1'
PATH_SEPARATOR=':'
SET_MAKE=''
SHELL='/bin/sh'
STRIP=''
VERSION='0.1'
ac_ct_CC='gcc'
ac_ct_CXX='g++'
am__EXEEXT_FALSE=''
am__EXEEXT_TRUE='#'
am__fastdepCC_FALSE='#'
am__fastdepCC_TRUE=''
am__fastdepCXX_FALSE='#'
am__fastdepCXX_TRUE=''
am__include='include'
am__isrc=''
am__leading_dot='.'
am__nodep='_no'
am__quote=''
am__tar='$${TAR-tar} chof - "$$tardir"'
am__untar='$${TAR-tar} xf -'
bindir='${exec_prefix}/bin'
build_alias=''
datadir='${datarootdir}'
datarootdir='${prefix}/share'
docdir='${datarootdir}/doc/${PACKAGE_TARNAME}'
dvidir='${docdir}'
exec_prefix='${prefix}'
host_alias=''
htmldir='${docdir}'
includedir='${prefix}/include'
infodir='${datarootdir}/info'
install_sh='${SHELL} /Users/shohei/Codes/c/AutoConfTest9/install-sh'
libdir='${exec_prefix}/lib'
libexecdir='${exec_prefix}/libexec'
localedir='${datarootdir}/locale'
localstatedir='${prefix}/var'
mandir='${datarootdir}/man'
mkdir_p='$(MKDIR_P)'
oldincludedir='/usr/include'
pdfdir='${docdir}'
prefix='/usr/local'
program_transform_name='s,x,x,'
psdir='${docdir}'
sbindir='${exec_prefix}/sbin'
sharedstatedir='${prefix}/com'
sysconfdir='${prefix}/etc'
target_alias=''

## ----------- ##
## confdefs.h. ##
## ----------- ##

/* confdefs.h */
#define PACKAGE_NAME "test"
#define PACKAGE_TARNAME "test"
#define PACKAGE_VERSION "0.1"
#define PACKAGE_STRING "test 0.1"
#define PACKAGE_BUGREPORT "BUG-REPORT-ADDRESS"
#define PACKAGE_URL ""
#define PACKAGE "test"
#define VERSION "0.1"

configure: exit 0

## ---------------------- ##
## Running config.status. ##
## ---------------------- ##

This file was extended by test config.status 0.1, which was
generated by GNU Autoconf 2.69.  Invocation command line was

  CONFIG_FILES    = 
  CONFIG_HEADERS  = 
  CONFIG_LINKS    = 
  CONFIG_COMMANDS = 
  $ ./config.status config.h

on aoki-mbp14.local

config.status:846: creating config.h
config.status:1027: config.h is unchanged

## ---------------------- ##
## Running config.status. ##
## ---------------------- ##

This file was extended by test config.status 0.1, which was
generated by GNU Autoconf 2.69.  Invocation command line was

  CONFIG_FILES    = 
  CONFIG_HEADERS  = 
  CONFIG_LINKS    = 
  CONFIG_COMMANDS = 
  $ ./config.status config.h

on aoki-mbp14.local

config.status:846: creating config.h
config.status:1027: config.h is unchanged

## ---------------------- ##
## Running config.status. ##
## ---------------------- ##

This file was extended by test config.status 0.1, which was
generated by GNU Autoconf 2.69.  Invocation command line was

  CONFIG_FILES    = 
  CONFIG_HEADERS  = 
  CONFIG_LINKS    = 
  CONFIG_COMMANDS = 
  $ ./config.status config.h

on aoki-mbp14.local

config.status:846: creating config.h
config.status:1027: config.h is unchanged

## ---------------------- ##
## Running config.status. ##
## ---------------------- ##

This file was extended by test config.status 0.1, which was
generated by GNU Autoconf 2.69.  Invocation command line was

  CONFIG_FILES    = 
  CONFIG_HEADERS  = 
  CONFIG_LINKS    = 
  CONFIG_COMMANDS = 
  $ ./config.status config.h

on aoki-mbp14.local

config.status:846: creating config.h
config.status:1027: config.h is unchanged

## ---------------------- ##
## Running config.status. ##
## ---------------------- ##

This file was extended by test config.status 0.1, which was
generated by GNU Autoconf 2.69.  Invocation command line was

  CONFIG_FILES    = 
  CONFIG_HEADERS  = 
  CONFIG_LINKS    = 
  CONFIG_COMMANDS = 
  $ ./config.status config.h

on aoki-mbp14.local

config.status:846: creating config.h
config.status:1027: config.h is unchanged

## ---------------------- ##
## Running config.status. ##
## ---------------------- ##

This file was extended by test config.status 0.1, which was
generated by GNU Autoconf 2.69.  Invocation command line was

  CONFIG_FILES    = 
  CONFIG_HEADERS  = 
  CONFIG_LINKS    = 
  CONFIG_COMMANDS = 
  $ ./config.status config.h

on aoki-mbp14.local

config.status:846: creating config.h
config.status:1027: config.h is unchanged

## ---------------------- ##
## Running config.status. ##
## ---------------------- ##

This file was extended by test config.status 0.1, which was
generated by GNU Autoconf 2.69.  Invocation command line was

  CONFIG_FILES    = 
  CONFIG_HEADERS  = 
  CONFIG_LINKS    = 
  CONFIG_COMMANDS = 
  $ ./config.status config.h

on aoki-mbp14.local

config.status:846: creating config.h
config.status:1027: config.h is unchanged

## ---------------------- ##
## Running config.status. ##
## ---------------------- ##

This file was extended by test config.status 0.1, which was
generated by GNU Autoconf 2.69.  Invocation command line was

  CONFIG_FILES    = 
  CONFIG_HEADERS  = 
  CONFIG_LINKS    = 
  CONFIG_COMMANDS = 
  $ ./config.status config.h

on aoki-mbp14.local

config.status:846: creating config.h
config.status:1027: config.h is unchanged

## ---------------------- ##
## Running config.status. ##
## ---------------------- ##

This file was extended by test config.status 0.1, which was
generated by GNU Autoconf 2.69.  Invocation command line was

  CONFIG_FILES    = 
  CONFIG_HEADERS  = 
  CONFIG_LINKS    = 
  CONFIG_COMMANDS = 
  $ ./config.status config.h

on aoki-mbp14.local

config.status:846: creating config.h
config.status:1027: config.h is unchanged

## ---------------------- ##
## Running config.status. ##
## ---------------------- ##

This file was extended by test config.status 0.1, which was
generated by GNU Autoconf 2.69.  Invocation command line was

  CONFIG_FILES    = 
  CONFIG_HEADERS  = 
  CONFIG_LINKS    = 
  CONFIG_COMMANDS = 
  $ ./config.status config.h

on aoki-mbp14.local

config.status:846: creating config.h
config.status:1027: config.h is unchanged

## ---------------------- ##
## Running config.status. ##
## ---------------------- ##

This file was extended by test config.status 0.1, which was
generated by GNU Autoconf 2.69.  Invocation command line was

  CONFIG_FILES    = 
  CONFIG_HEADERS  = 
  CONFIG_LINKS    = 
  CONFIG_COMMANDS = 
  $ ./config.status config.h

on aoki-mbp14.local

config.status:846: creating config.h
config.status:1027: config.h is unchanged

## ---------------------- ##
## Running config.status. ##
## ---------------------- ##

This file was extended by test config.status 0.1, which was
generated by GNU Autoconf 2.69.  Invocation command line was

  CONFIG_FILES    = 
  CONFIG_HEADERS  = 
  CONFIG_LINKS    = 
  CONFIG_COMMANDS = 
  $ ./config.status config.h

on aoki-mbp14.local

config.status:846: creating config.h
config.status:1027: config.h is unchanged

## ---------------------- ##
## Running config.status. ##
## ---------------------- ##

This file was extended by test config.status 0.1, which was
generated by GNU Autoconf 2.69.  Invocation command line was

  CONFIG_FILES    = 
  CONFIG_HEADERS  = 
  CONFIG_LINKS    = 
  CONFIG_COMMANDS = 
  $ ./config.status config.h

on aoki-mbp14.local

config.status:846: creating config.h
config.status:1027: config.h is unchanged

## ---------------------- ##
## Running config.status. ##
## ---------------------- ##

This file was extended by test config.status 0.1, which was
generated by GNU Autoconf 2.69.  Invocation command line was

  CONFIG_FILES    = 
  CONFIG_HEADERS  = 
  CONFIG_LINKS    = 
  CONFIG_COMMANDS = 
  $ ./config.status config.h

on aoki-mbp14.local

config.status:846: creating config.h
config.status:1027: config.h is unchanged

## ---------------------- ##
## Running config.status. ##
## ---------------------- ##

This file was extended by test config.status 0.1, which was
generated by GNU Autoconf 2.69.  Invocation command line was

  CONFIG_FILES    = 
  CONFIG_HEADERS  = 
  CONFIG_LINKS    = 
  CONFIG_COMMANDS = 
  $ ./config.status config.h

on aoki-mbp14.local

config.status:846: creating config.h
config.status:1027: config.h is unchanged

## ---------------------- ##
## Running config.status. ##
## ---------------------- ##

This file was extended by test config.status 0.1, which was
generated by GNU Autoconf 2.69.  Invocation command line was

  CONFIG_FILES    = 
  CONFIG_HEADERS  = 
  CONFIG_LINKS    = 
  CONFIG_COMMANDS = 
  $ ./config.status config.h

on aoki-mbp14.local

config.status:846: creating config.h
config.status:1027: config.h is unchanged
